<?xml version="1.0" encoding="UTF-8"?>
<!-- Generated by org.testng.reporters.JUnitReportReporter -->
<testsuite hostname="KRISH" failures="0" tests="2" name="Test.Automation.Events" time="14.443" errors="0" timestamp="2022-12-29T20:46:12 IST" skipped="0">
  <testcase classname="Test.Automation.Events" name="Event" time="1.191"/>
  <system-out/>
  <testcase classname="Test.Automation.Events" name="Operation" time="13.252"/>
  <system-out/>
</testsuite> <!-- Test.Automation.Events -->
