<?xml version="1.0" encoding="UTF-8"?>
<!-- Generated by org.testng.reporters.JUnitReportReporter -->
<testsuite hostname="KRISH" failures="0" tests="2" name="Test.Automation.Frames" time="11.971" errors="0" timestamp="2022-12-29T20:46:12 IST" skipped="0">
  <testcase classname="Test.Automation.Frames" name="iframes" time="5.107"/>
  <system-out/>
  <testcase classname="Test.Automation.Frames" name="frames2" time="6.864"/>
  <system-out/>
</testsuite> <!-- Test.Automation.Frames -->
