<?xml version="1.0" encoding="UTF-8"?>
<!-- Generated by org.testng.reporters.JUnitReportReporter -->
<testsuite hostname="KRISH" failures="0" tests="4" name="Test.Automation.Alert_DAD" time="12.412" errors="0" timestamp="2022-12-29T20:46:12 IST" skipped="0">
  <testcase classname="Test.Automation.Alert_DAD" name="URL_nav" time="2.584"/>
  <system-out/>
  <testcase classname="Test.Automation.Alert_DAD" name="DragAndDrop" time="5.037"/>
  <system-out/>
  <testcase classname="Test.Automation.Alert_DAD" name="Alert" time="2.512"/>
  <system-out/>
  <testcase classname="Test.Automation.Alert_DAD" name="fakeEvents" time="2.279"/>
  <system-out/>
</testsuite> <!-- Test.Automation.Alert_DAD -->
