<?xml version="1.0" encoding="UTF-8"?>
<!-- Generated by org.testng.reporters.JUnitReportReporter -->
<testsuite hostname="KRISH" failures="0" tests="3" name="Test.Automation.tableTags" time="3.156" errors="0" timestamp="2022-12-29T20:46:12 IST" skipped="0">
  <testcase classname="Test.Automation.tableTags" name="tableTag" time="0.737"/>
  <system-out/>
  <testcase classname="Test.Automation.tableTags" name="tablesData" time="0.449"/>
  <system-out/>
  <testcase classname="Test.Automation.tableTags" name="dynamicTable" time="1.970"/>
  <system-out/>
</testsuite> <!-- Test.Automation.tableTags -->
